<?xml version="1.0" encoding="UTF-8"?>
<coverage generated="1661668926570" clover="3.2.0">
  <project timestamp="1661668926570" name="All files">
    <metrics statements="119" coveredstatements="91" conditionals="25" coveredconditionals="8" methods="20" coveredmethods="5" elements="164" coveredelements="104" complexity="0" loc="119" ncloc="119" packages="10" files="15" classes="15"/>
    <package name="src">
      <metrics statements="16" coveredstatements="14" conditionals="0" coveredconditionals="0" methods="2" coveredmethods="1"/>
      <file name="app.tsx" path="/Users/channaru0711/Developer/naruwo-github.github.io/src/app.tsx">
        <metrics statements="16" coveredstatements="14" conditionals="0" coveredconditionals="0" methods="2" coveredmethods="1"/>
        <line num="1" count="1" type="stmt"/>
        <line num="2" count="1" type="stmt"/>
        <line num="3" count="1" type="stmt"/>
        <line num="4" count="1" type="stmt"/>
        <line num="5" count="1" type="stmt"/>
        <line num="6" count="1" type="stmt"/>
        <line num="7" count="1" type="stmt"/>
        <line num="8" count="1" type="stmt"/>
        <line num="9" count="1" type="stmt"/>
        <line num="10" count="1" type="stmt"/>
        <line num="11" count="1" type="stmt"/>
        <line num="18" count="1" type="stmt"/>
        <line num="23" count="1" type="stmt"/>
        <line num="24" count="0" type="stmt"/>
        <line num="25" count="0" type="stmt"/>
        <line num="43" count="1" type="stmt"/>
      </file>
    </package>
    <package name="src.common">
      <metrics statements="12" coveredstatements="2" conditionals="4" coveredconditionals="0" methods="3" coveredmethods="0"/>
      <file name="script.ts" path="/Users/channaru0711/Developer/naruwo-github.github.io/src/common/script.ts">
        <metrics statements="12" coveredstatements="2" conditionals="4" coveredconditionals="0" methods="3" coveredmethods="0"/>
        <line num="1" count="1" type="stmt"/>
        <line num="3" count="1" type="stmt"/>
        <line num="4" count="0" type="stmt"/>
        <line num="6" count="0" type="stmt"/>
        <line num="7" count="0" type="stmt"/>
        <line num="8" count="0" type="cond" truecount="0" falsecount="4"/>
        <line num="9" count="0" type="stmt"/>
        <line num="10" count="0" type="stmt"/>
        <line num="11" count="0" type="stmt"/>
        <line num="14" count="0" type="stmt"/>
        <line num="15" count="0" type="stmt"/>
        <line num="16" count="0" type="stmt"/>
      </file>
    </package>
    <package name="src.config">
      <metrics statements="7" coveredstatements="7" conditionals="0" coveredconditionals="0" methods="0" coveredmethods="0"/>
      <file name="env.ts" path="/Users/channaru0711/Developer/naruwo-github.github.io/src/config/env.ts">
        <metrics statements="7" coveredstatements="7" conditionals="0" coveredconditionals="0" methods="0" coveredmethods="0"/>
        <line num="1" count="2" type="stmt"/>
        <line num="2" count="2" type="stmt"/>
        <line num="3" count="2" type="stmt"/>
        <line num="4" count="2" type="stmt"/>
        <line num="5" count="2" type="stmt"/>
        <line num="6" count="2" type="stmt"/>
        <line num="7" count="2" type="stmt"/>
      </file>
    </package>
    <package name="src.contents.about">
      <metrics statements="12" coveredstatements="7" conditionals="1" coveredconditionals="0" methods="2" coveredmethods="0"/>
      <file name="about.tsx" path="/Users/channaru0711/Developer/naruwo-github.github.io/src/contents/about/about.tsx">
        <metrics statements="12" coveredstatements="7" conditionals="1" coveredconditionals="0" methods="2" coveredmethods="0"/>
        <line num="1" count="1" type="stmt"/>
        <line num="2" count="1" type="stmt"/>
        <line num="3" count="1" type="stmt"/>
        <line num="4" count="1" type="stmt"/>
        <line num="6" count="1" type="stmt"/>
        <line num="7" count="0" type="stmt"/>
        <line num="9" count="0" type="stmt"/>
        <line num="24" count="1" type="stmt"/>
        <line num="25" count="0" type="cond" truecount="0" falsecount="1"/>
        <line num="26" count="0" type="stmt"/>
        <line num="41" count="0" type="stmt"/>
        <line num="57" count="1" type="stmt"/>
      </file>
    </package>
    <package name="src.contents.contact">
      <metrics statements="8" coveredstatements="6" conditionals="2" coveredconditionals="0" methods="1" coveredmethods="0"/>
      <file name="contact.tsx" path="/Users/channaru0711/Developer/naruwo-github.github.io/src/contents/contact/contact.tsx">
        <metrics statements="8" coveredstatements="6" conditionals="2" coveredconditionals="0" methods="1" coveredmethods="0"/>
        <line num="1" count="1" type="stmt"/>
        <line num="2" count="1" type="stmt"/>
        <line num="3" count="1" type="stmt"/>
        <line num="4" count="1" type="stmt"/>
        <line num="6" count="1" type="stmt"/>
        <line num="7" count="0" type="stmt"/>
        <line num="9" count="0" type="stmt"/>
        <line num="28" count="1" type="stmt"/>
      </file>
    </package>
    <package name="src.contents.mv">
      <metrics statements="8" coveredstatements="6" conditionals="8" coveredconditionals="0" methods="1" coveredmethods="0"/>
      <file name="mv.tsx" path="/Users/channaru0711/Developer/naruwo-github.github.io/src/contents/mv/mv.tsx">
        <metrics statements="8" coveredstatements="6" conditionals="8" coveredconditionals="0" methods="1" coveredmethods="0"/>
        <line num="1" count="1" type="stmt"/>
        <line num="2" count="1" type="stmt"/>
        <line num="3" count="1" type="stmt"/>
        <line num="4" count="1" type="stmt"/>
        <line num="6" count="1" type="stmt"/>
        <line num="7" count="0" type="stmt"/>
        <line num="9" count="0" type="stmt"/>
        <line num="41" count="1" type="stmt"/>
      </file>
    </package>
    <package name="src.contents.skill">
      <metrics statements="20" coveredstatements="15" conditionals="2" coveredconditionals="0" methods="4" coveredmethods="0"/>
      <file name="skill.tsx" path="/Users/channaru0711/Developer/naruwo-github.github.io/src/contents/skill/skill.tsx">
        <metrics statements="11" coveredstatements="6" conditionals="2" coveredconditionals="0" methods="4" coveredmethods="0"/>
        <line num="1" count="1" type="stmt"/>
        <line num="2" count="1" type="stmt"/>
        <line num="3" count="1" type="stmt"/>
        <line num="4" count="1" type="stmt"/>
        <line num="6" count="1" type="stmt"/>
        <line num="7" count="0" type="stmt"/>
        <line num="9" count="0" type="stmt"/>
        <line num="14" count="0" type="stmt"/>
        <line num="20" count="0" type="stmt"/>
        <line num="23" count="0" type="stmt"/>
        <line num="36" count="1" type="stmt"/>
      </file>
      <file name="skillItems.ts" path="/Users/channaru0711/Developer/naruwo-github.github.io/src/contents/skill/skillItems.ts">
        <metrics statements="9" coveredstatements="9" conditionals="0" coveredconditionals="0" methods="0" coveredmethods="0"/>
        <line num="1" count="1" type="stmt"/>
        <line num="2" count="1" type="stmt"/>
        <line num="3" count="1" type="stmt"/>
        <line num="4" count="1" type="stmt"/>
        <line num="5" count="1" type="stmt"/>
        <line num="6" count="1" type="stmt"/>
        <line num="7" count="1" type="stmt"/>
        <line num="9" count="1" type="stmt"/>
        <line num="90" count="1" type="stmt"/>
      </file>
    </package>
    <package name="src.contents.works">
      <metrics statements="10" coveredstatements="8" conditionals="0" coveredconditionals="0" methods="2" coveredmethods="0"/>
      <file name="works.tsx" path="/Users/channaru0711/Developer/naruwo-github.github.io/src/contents/works/works.tsx">
        <metrics statements="6" coveredstatements="4" conditionals="0" coveredconditionals="0" methods="2" coveredmethods="0"/>
        <line num="1" count="1" type="stmt"/>
        <line num="2" count="1" type="stmt"/>
        <line num="4" count="1" type="stmt"/>
        <line num="5" count="0" type="stmt"/>
        <line num="10" count="0" type="stmt"/>
        <line num="23" count="1" type="stmt"/>
      </file>
      <file name="worksItems.ts" path="/Users/channaru0711/Developer/naruwo-github.github.io/src/contents/works/worksItems.ts">
        <metrics statements="4" coveredstatements="4" conditionals="0" coveredconditionals="0" methods="0" coveredmethods="0"/>
        <line num="1" count="1" type="stmt"/>
        <line num="2" count="1" type="stmt"/>
        <line num="4" count="1" type="stmt"/>
        <line num="31" count="1" type="stmt"/>
      </file>
    </package>
    <package name="src.footer">
      <metrics statements="8" coveredstatements="8" conditionals="4" coveredconditionals="4" methods="1" coveredmethods="1"/>
      <file name="footer.tsx" path="/Users/channaru0711/Developer/naruwo-github.github.io/src/footer/footer.tsx">
        <metrics statements="5" coveredstatements="5" conditionals="0" coveredconditionals="0" methods="1" coveredmethods="1"/>
        <line num="1" count="2" type="stmt"/>
        <line num="2" count="2" type="stmt"/>
        <line num="4" count="2" type="stmt"/>
        <line num="5" count="1" type="stmt"/>
        <line num="12" count="2" type="stmt"/>
      </file>
      <file name="style.ts" path="/Users/channaru0711/Developer/naruwo-github.github.io/src/footer/style.ts">
        <metrics statements="3" coveredstatements="3" conditionals="4" coveredconditionals="4" methods="0" coveredmethods="0"/>
        <line num="1" count="2" type="stmt"/>
        <line num="3" count="2" type="cond" truecount="2" falsecount="0"/>
        <line num="11" count="2" type="cond" truecount="2" falsecount="0"/>
      </file>
    </package>
    <package name="src.header">
      <metrics statements="18" coveredstatements="18" conditionals="4" coveredconditionals="4" methods="4" coveredmethods="3"/>
      <file name="header.tsx" path="/Users/channaru0711/Developer/naruwo-github.github.io/src/header/header.tsx">
        <metrics statements="13" coveredstatements="13" conditionals="0" coveredconditionals="0" methods="4" coveredmethods="3"/>
        <line num="1" count="1" type="stmt"/>
        <line num="2" count="1" type="stmt"/>
        <line num="3" count="1" type="stmt"/>
        <line num="4" count="1" type="stmt"/>
        <line num="5" count="1" type="stmt"/>
        <line num="6" count="1" type="stmt"/>
        <line num="7" count="1" type="stmt"/>
        <line num="9" count="1" type="stmt"/>
        <line num="10" count="2" type="stmt"/>
        <line num="12" count="2" type="stmt"/>
        <line num="21" count="8" type="stmt"/>
        <line num="35" count="1" type="stmt"/>
        <line num="43" count="1" type="stmt"/>
      </file>
      <file name="navigationItems.ts" path="/Users/channaru0711/Developer/naruwo-github.github.io/src/header/navigationItems.ts">
        <metrics statements="2" coveredstatements="2" conditionals="0" coveredconditionals="0" methods="0" coveredmethods="0"/>
        <line num="1" count="1" type="stmt"/>
        <line num="20" count="1" type="stmt"/>
      </file>
      <file name="style.ts" path="/Users/channaru0711/Developer/naruwo-github.github.io/src/header/style.ts">
        <metrics statements="3" coveredstatements="3" conditionals="4" coveredconditionals="4" methods="0" coveredmethods="0"/>
        <line num="1" count="1" type="stmt"/>
        <line num="3" count="1" type="cond" truecount="2" falsecount="0"/>
        <line num="19" count="1" type="cond" truecount="2" falsecount="0"/>
      </file>
    </package>
  </project>
</coverage>
