{"/Users/channaru0711/Developer/naruwo-github.github.io/src/app.tsx": {"path":"/Users/channaru0711/Developer/naruwo-github.github.io/src/app.tsx","statementMap":{"0":{"start":{"line":1,"column":0},"end":{"line":1,"column":26}},"1":{"start":{"line":2,"column":0},"end":{"line":2,"column":27}},"2":{"start":{"line":3,"column":0},"end":{"line":3,"column":24}},"3":{"start":{"line":4,"column":0},"end":{"line":4,"column":36}},"4":{"start":{"line":5,"column":0},"end":{"line":5,"column":33}},"5":{"start":{"line":6,"column":0},"end":{"line":6,"column":42}},"6":{"start":{"line":7,"column":0},"end":{"line":7,"column":42}},"7":{"start":{"line":8,"column":0},"end":{"line":8,"column":42}},"8":{"start":{"line":9,"column":0},"end":{"line":9,"column":48}},"9":{"start":{"line":10,"column":0},"end":{"line":10,"column":36}},"10":{"start":{"line":11,"column":0},"end":{"line":11,"column":47}},"11":{"start":{"line":18,"column":13},"end":{"line":21,"column":null}},"12":{"start":{"line":23,"column":12},"end":{"line":41,"column":1}},"13":{"start":{"line":24,"column":38},"end":{"line":24,"column":62}},"14":{"start":{"line":24,"column":19},"end":{"line":24,"column":21}},"15":{"start":{"line":24,"column":34},"end":{"line":24,"column":38}},"16":{"start":{"line":25,"column":2},"end":{"line":40,"column":null}},"17":{"start":{"line":43,"column":0},"end":{"line":43,"column":null}}},"fnMap":{"0":{"name":"(anonymous_3)","decl":{"start":{"line":20,"column":17},"end":{"line":20,"column":18}},"loc":{"start":{"line":20,"column":25},"end":{"line":20,"column":32}}},"1":{"name":"(anonymous_4)","decl":{"start":{"line":23,"column":12},"end":{"line":23,"column":null}},"loc":{"start":{"line":23,"column":12},"end":{"line":41,"column":1}}}},"branchMap":{},"s":{"0":1,"1":1,"2":1,"3":1,"4":1,"5":1,"6":1,"7":1,"8":1,"9":1,"10":1,"11":1,"12":1,"13":0,"14":0,"15":0,"16":0,"17":1},"f":{"0":1,"1":0},"b":{}}
,"/Users/channaru0711/Developer/naruwo-github.github.io/src/common/script.ts": {"path":"/Users/channaru0711/Developer/naruwo-github.github.io/src/common/script.ts","statementMap":{"0":{"start":{"line":1,"column":0},"end":{"line":1,"column":22}},"1":{"start":{"line":3,"column":0},"end":{"line":18,"column":null}},"2":{"start":{"line":4,"column":20},"end":{"line":4,"column":47}},"3":{"start":{"line":6,"column":2},"end":{"line":12,"column":null}},"4":{"start":{"line":7,"column":17},"end":{"line":7,"column":38}},"5":{"start":{"line":8,"column":19},"end":{"line":8,"column":63}},"6":{"start":{"line":9,"column":21},"end":{"line":9,"column":53}},"7":{"start":{"line":10,"column":4},"end":{"line":10,"column":null}},"8":{"start":{"line":11,"column":4},"end":{"line":11,"column":null}},"9":{"start":{"line":14,"column":2},"end":{"line":17,"column":null}},"10":{"start":{"line":15,"column":4},"end":{"line":15,"column":null}},"11":{"start":{"line":16,"column":4},"end":{"line":16,"column":null}}},"fnMap":{"0":{"name":"(anonymous_1)","decl":{"start":{"line":3,"column":2},"end":{"line":3,"column":null}},"loc":{"start":{"line":3,"column":2},"end":{"line":18,"column":1}}},"1":{"name":"(anonymous_2)","decl":{"start":{"line":6,"column":32},"end":{"line":6,"column":null}},"loc":{"start":{"line":6,"column":32},"end":{"line":12,"column":3}}},"2":{"name":"(anonymous_3)","decl":{"start":{"line":14,"column":38},"end":{"line":14,"column":null}},"loc":{"start":{"line":14,"column":38},"end":{"line":17,"column":3}}}},"branchMap":{"0":{"loc":{"start":{"line":8,"column":21},"end":{"line":8,"column":62}},"type":"cond-expr","locations":[{"start":{"line":8,"column":49},"end":{"line":8,"column":55}},{"start":{"line":8,"column":58},"end":{"line":8,"column":62}}]},"1":{"loc":{"start":{"line":8,"column":21},"end":{"line":8,"column":46}},"type":"binary-expr","locations":[{"start":{"line":8,"column":21},"end":{"line":8,"column":32}},{"start":{"line":8,"column":36},"end":{"line":8,"column":46}}]}},"s":{"0":1,"1":1,"2":0,"3":0,"4":0,"5":0,"6":0,"7":0,"8":0,"9":0,"10":0,"11":0},"f":{"0":0,"1":0,"2":0},"b":{"0":[0,0],"1":[0,0]}}
,"/Users/channaru0711/Developer/naruwo-github.github.io/src/config/env.ts": {"path":"/Users/channaru0711/Developer/naruwo-github.github.io/src/config/env.ts","statementMap":{"0":{"start":{"line":1,"column":13},"end":{"line":1,"column":null}},"1":{"start":{"line":2,"column":13},"end":{"line":2,"column":null}},"2":{"start":{"line":3,"column":13},"end":{"line":3,"column":null}},"3":{"start":{"line":4,"column":13},"end":{"line":4,"column":null}},"4":{"start":{"line":5,"column":13},"end":{"line":5,"column":null}},"5":{"start":{"line":6,"column":13},"end":{"line":6,"column":null}},"6":{"start":{"line":7,"column":13},"end":{"line":7,"column":null}}},"fnMap":{},"branchMap":{},"s":{"0":2,"1":2,"2":2,"3":2,"4":2,"5":2,"6":2},"f":{},"b":{}}
,"/Users/channaru0711/Developer/naruwo-github.github.io/src/contents/about/about.tsx": {"path":"/Users/channaru0711/Developer/naruwo-github.github.io/src/contents/about/about.tsx","statementMap":{"0":{"start":{"line":1,"column":0},"end":{"line":1,"column":20}},"1":{"start":{"line":2,"column":0},"end":{"line":2,"column":48}},"2":{"start":{"line":3,"column":0},"end":{"line":3,"column":34}},"3":{"start":{"line":4,"column":0},"end":{"line":4,"column":43}},"4":{"start":{"line":6,"column":14},"end":{"line":22,"column":1}},"5":{"start":{"line":7,"column":38},"end":{"line":7,"column":65}},"6":{"start":{"line":7,"column":19},"end":{"line":7,"column":21}},"7":{"start":{"line":7,"column":34},"end":{"line":7,"column":38}},"8":{"start":{"line":9,"column":2},"end":{"line":21,"column":null}},"9":{"start":{"line":24,"column":26},"end":{"line":55,"column":1}},"10":{"start":{"line":25,"column":2},"end":{"line":40,"column":null}},"11":{"start":{"line":26,"column":4},"end":{"line":39,"column":null}},"12":{"start":{"line":41,"column":2},"end":{"line":54,"column":null}},"13":{"start":{"line":57,"column":0},"end":{"line":57,"column":null}}},"fnMap":{"0":{"name":"(anonymous_3)","decl":{"start":{"line":6,"column":14},"end":{"line":6,"column":null}},"loc":{"start":{"line":6,"column":14},"end":{"line":22,"column":1}}},"1":{"name":"(anonymous_4)","decl":{"start":{"line":24,"column":26},"end":{"line":24,"column":27}},"loc":{"start":{"line":24,"column":45},"end":{"line":55,"column":1}}}},"branchMap":{"0":{"loc":{"start":{"line":25,"column":2},"end":{"line":40,"column":null}},"type":"if","locations":[{"start":{"line":25,"column":2},"end":{"line":40,"column":null}}]}},"s":{"0":1,"1":1,"2":1,"3":1,"4":1,"5":0,"6":0,"7":0,"8":0,"9":1,"10":0,"11":0,"12":0,"13":1},"f":{"0":0,"1":0},"b":{"0":[0]}}
,"/Users/channaru0711/Developer/naruwo-github.github.io/src/contents/contact/contact.tsx": {"path":"/Users/channaru0711/Developer/naruwo-github.github.io/src/contents/contact/contact.tsx","statementMap":{"0":{"start":{"line":1,"column":0},"end":{"line":1,"column":34}},"1":{"start":{"line":2,"column":0},"end":{"line":2,"column":43}},"2":{"start":{"line":3,"column":0},"end":{"line":3,"column":54}},"3":{"start":{"line":4,"column":0},"end":{"line":4,"column":20}},"4":{"start":{"line":6,"column":16},"end":{"line":26,"column":1}},"5":{"start":{"line":7,"column":38},"end":{"line":7,"column":65}},"6":{"start":{"line":7,"column":19},"end":{"line":7,"column":21}},"7":{"start":{"line":7,"column":34},"end":{"line":7,"column":38}},"8":{"start":{"line":9,"column":2},"end":{"line":25,"column":null}},"9":{"start":{"line":28,"column":0},"end":{"line":28,"column":null}}},"fnMap":{"0":{"name":"(anonymous_2)","decl":{"start":{"line":6,"column":16},"end":{"line":6,"column":null}},"loc":{"start":{"line":6,"column":16},"end":{"line":26,"column":1}}}},"branchMap":{"0":{"loc":{"start":{"line":14,"column":11},"end":{"line":16,"column":40}},"type":"cond-expr","locations":[{"start":{"line":15,"column":12},"end":{"line":15,"column":49}},{"start":{"line":16,"column":12},"end":{"line":16,"column":40}}]}},"s":{"0":1,"1":1,"2":1,"3":1,"4":1,"5":0,"6":0,"7":0,"8":0,"9":1},"f":{"0":0},"b":{"0":[0,0]}}
,"/Users/channaru0711/Developer/naruwo-github.github.io/src/contents/mv/mv.tsx": {"path":"/Users/channaru0711/Developer/naruwo-github.github.io/src/contents/mv/mv.tsx","statementMap":{"0":{"start":{"line":1,"column":0},"end":{"line":1,"column":20}},"1":{"start":{"line":2,"column":0},"end":{"line":2,"column":83}},"2":{"start":{"line":3,"column":0},"end":{"line":3,"column":34}},"3":{"start":{"line":4,"column":0},"end":{"line":4,"column":43}},"4":{"start":{"line":6,"column":11},"end":{"line":39,"column":1}},"5":{"start":{"line":7,"column":38},"end":{"line":7,"column":65}},"6":{"start":{"line":7,"column":19},"end":{"line":7,"column":21}},"7":{"start":{"line":7,"column":34},"end":{"line":7,"column":38}},"8":{"start":{"line":9,"column":2},"end":{"line":38,"column":null}},"9":{"start":{"line":41,"column":0},"end":{"line":41,"column":null}}},"fnMap":{"0":{"name":"(anonymous_2)","decl":{"start":{"line":6,"column":11},"end":{"line":6,"column":null}},"loc":{"start":{"line":6,"column":11},"end":{"line":39,"column":1}}}},"branchMap":{"0":{"loc":{"start":{"line":15,"column":11},"end":{"line":17,"column":56}},"type":"cond-expr","locations":[{"start":{"line":16,"column":12},"end":{"line":16,"column":80}},{"start":{"line":17,"column":12},"end":{"line":17,"column":56}}]},"1":{"loc":{"start":{"line":21,"column":11},"end":{"line":21,"column":58}},"type":"binary-expr","locations":[{"start":{"line":21,"column":11},"end":{"line":21,"column":21}},{"start":{"line":21,"column":25},"end":{"line":21,"column":58}}]},"2":{"loc":{"start":{"line":23,"column":11},"end":{"line":23,"column":49}},"type":"binary-expr","locations":[{"start":{"line":23,"column":11},"end":{"line":23,"column":22}},{"start":{"line":23,"column":26},"end":{"line":23,"column":49}}]},"3":{"loc":{"start":{"line":31,"column":11},"end":{"line":33,"column":26}},"type":"cond-expr","locations":[{"start":{"line":32,"column":12},"end":{"line":32,"column":62}},{"start":{"line":33,"column":12},"end":{"line":33,"column":26}}]}},"s":{"0":1,"1":1,"2":1,"3":1,"4":1,"5":0,"6":0,"7":0,"8":0,"9":1},"f":{"0":0},"b":{"0":[0,0],"1":[0,0],"2":[0,0],"3":[0,0]}}
,"/Users/channaru0711/Developer/naruwo-github.github.io/src/contents/skill/skill.tsx": {"path":"/Users/channaru0711/Developer/naruwo-github.github.io/src/contents/skill/skill.tsx","statementMap":{"0":{"start":{"line":1,"column":0},"end":{"line":1,"column":20}},"1":{"start":{"line":2,"column":0},"end":{"line":2,"column":37}},"2":{"start":{"line":3,"column":0},"end":{"line":3,"column":34}},"3":{"start":{"line":4,"column":0},"end":{"line":4,"column":43}},"4":{"start":{"line":6,"column":14},"end":{"line":34,"column":1}},"5":{"start":{"line":7,"column":38},"end":{"line":7,"column":65}},"6":{"start":{"line":7,"column":19},"end":{"line":7,"column":21}},"7":{"start":{"line":7,"column":34},"end":{"line":7,"column":38}},"8":{"start":{"line":9,"column":2},"end":{"line":33,"column":null}},"9":{"start":{"line":14,"column":43},"end":{"line":29,"column":12}},"10":{"start":{"line":20,"column":53},"end":{"line":22,"column":18}},"11":{"start":{"line":23,"column":53},"end":{"line":25,"column":18}},"12":{"start":{"line":36,"column":0},"end":{"line":36,"column":null}}},"fnMap":{"0":{"name":"(anonymous_3)","decl":{"start":{"line":6,"column":14},"end":{"line":6,"column":null}},"loc":{"start":{"line":6,"column":14},"end":{"line":34,"column":1}}},"1":{"name":"(anonymous_4)","decl":{"start":{"line":14,"column":26},"end":{"line":14,"column":27}},"loc":{"start":{"line":14,"column":38},"end":{"line":14,"column":null}}},"2":{"name":"(anonymous_5)","decl":{"start":{"line":20,"column":32},"end":{"line":20,"column":33}},"loc":{"start":{"line":20,"column":48},"end":{"line":20,"column":null}}},"3":{"name":"(anonymous_6)","decl":{"start":{"line":23,"column":32},"end":{"line":23,"column":33}},"loc":{"start":{"line":23,"column":48},"end":{"line":23,"column":null}}}},"branchMap":{"0":{"loc":{"start":{"line":19,"column":15},"end":{"line":25,"column":18}},"type":"cond-expr","locations":[{"start":{"line":20,"column":16},"end":{"line":22,"column":18}},{"start":{"line":23,"column":16},"end":{"line":25,"column":18}}]}},"s":{"0":1,"1":1,"2":1,"3":1,"4":1,"5":0,"6":0,"7":0,"8":0,"9":0,"10":0,"11":0,"12":1},"f":{"0":0,"1":0,"2":0,"3":0},"b":{"0":[0,0]}}
,"/Users/channaru0711/Developer/naruwo-github.github.io/src/contents/skill/skillItems.ts": {"path":"/Users/channaru0711/Developer/naruwo-github.github.io/src/contents/skill/skillItems.ts","statementMap":{"0":{"start":{"line":1,"column":0},"end":{"line":1,"column":45}},"1":{"start":{"line":2,"column":0},"end":{"line":2,"column":51}},"2":{"start":{"line":3,"column":0},"end":{"line":3,"column":57}},"3":{"start":{"line":4,"column":0},"end":{"line":4,"column":51}},"4":{"start":{"line":5,"column":0},"end":{"line":5,"column":53}},"5":{"start":{"line":6,"column":0},"end":{"line":6,"column":49}},"6":{"start":{"line":7,"column":0},"end":{"line":7,"column":53}},"7":{"start":{"line":9,"column":19},"end":{"line":88,"column":null}},"8":{"start":{"line":90,"column":0},"end":{"line":90,"column":null}}},"fnMap":{},"branchMap":{},"s":{"0":1,"1":1,"2":1,"3":1,"4":1,"5":1,"6":1,"7":1,"8":1},"f":{},"b":{}}
,"/Users/channaru0711/Developer/naruwo-github.github.io/src/contents/works/works.tsx": {"path":"/Users/channaru0711/Developer/naruwo-github.github.io/src/contents/works/works.tsx","statementMap":{"0":{"start":{"line":1,"column":0},"end":{"line":1,"column":20}},"1":{"start":{"line":2,"column":0},"end":{"line":2,"column":37}},"2":{"start":{"line":4,"column":14},"end":{"line":21,"column":1}},"3":{"start":{"line":5,"column":2},"end":{"line":20,"column":null}},"4":{"start":{"line":10,"column":43},"end":{"line":16,"column":12}},"5":{"start":{"line":23,"column":0},"end":{"line":23,"column":null}}},"fnMap":{"0":{"name":"(anonymous_3)","decl":{"start":{"line":4,"column":14},"end":{"line":4,"column":null}},"loc":{"start":{"line":4,"column":14},"end":{"line":21,"column":1}}},"1":{"name":"(anonymous_4)","decl":{"start":{"line":10,"column":26},"end":{"line":10,"column":27}},"loc":{"start":{"line":10,"column":38},"end":{"line":10,"column":null}}}},"branchMap":{},"s":{"0":1,"1":1,"2":1,"3":0,"4":0,"5":1},"f":{"0":0,"1":0},"b":{}}
,"/Users/channaru0711/Developer/naruwo-github.github.io/src/contents/works/worksItems.ts": {"path":"/Users/channaru0711/Developer/naruwo-github.github.io/src/contents/works/worksItems.ts","statementMap":{"0":{"start":{"line":1,"column":0},"end":{"line":1,"column":69}},"1":{"start":{"line":2,"column":0},"end":{"line":2,"column":68}},"2":{"start":{"line":4,"column":19},"end":{"line":29,"column":null}},"3":{"start":{"line":31,"column":0},"end":{"line":31,"column":null}}},"fnMap":{},"branchMap":{},"s":{"0":1,"1":1,"2":1,"3":1},"f":{},"b":{}}
,"/Users/channaru0711/Developer/naruwo-github.github.io/src/footer/footer.tsx": {"path":"/Users/channaru0711/Developer/naruwo-github.github.io/src/footer/footer.tsx","statementMap":{"0":{"start":{"line":1,"column":0},"end":{"line":1,"column":49}},"1":{"start":{"line":2,"column":0},"end":{"line":2,"column":38}},"2":{"start":{"line":4,"column":15},"end":{"line":10,"column":1}},"3":{"start":{"line":5,"column":2},"end":{"line":9,"column":null}},"4":{"start":{"line":12,"column":0},"end":{"line":12,"column":null}}},"fnMap":{"0":{"name":"(anonymous_2)","decl":{"start":{"line":4,"column":15},"end":{"line":4,"column":null}},"loc":{"start":{"line":4,"column":15},"end":{"line":10,"column":1}}}},"branchMap":{},"s":{"0":2,"1":2,"2":2,"3":1,"4":2},"f":{"0":1},"b":{}}
,"/Users/channaru0711/Developer/naruwo-github.github.io/src/footer/style.ts": {"path":"/Users/channaru0711/Developer/naruwo-github.github.io/src/footer/style.ts","statementMap":{"0":{"start":{"line":1,"column":0},"end":{"line":1,"column":38}},"1":{"start":{"line":3,"column":13},"end":{"line":9,"column":null}},"2":{"start":{"line":11,"column":13},"end":{"line":15,"column":null}}},"fnMap":{},"branchMap":{"0":{"loc":{"start":{"line":3,"column":41},"end":{"line":9,"column":null}},"type":"binary-expr","locations":[{"start":{"line":3,"column":41},"end":{"line":3,"column":null}},{"start":{"line":3,"column":41},"end":{"line":9,"column":null}}]},"1":{"loc":{"start":{"line":11,"column":35},"end":{"line":15,"column":null}},"type":"binary-expr","locations":[{"start":{"line":11,"column":35},"end":{"line":11,"column":null}},{"start":{"line":11,"column":35},"end":{"line":15,"column":null}}]}},"s":{"0":2,"1":2,"2":2},"f":{},"b":{"0":[2,2],"1":[2,2]}}
,"/Users/channaru0711/Developer/naruwo-github.github.io/src/header/header.tsx": {"path":"/Users/channaru0711/Developer/naruwo-github.github.io/src/header/header.tsx","statementMap":{"0":{"start":{"line":1,"column":0},"end":{"line":1,"column":38}},"1":{"start":{"line":2,"column":0},"end":{"line":2,"column":20}},"2":{"start":{"line":3,"column":0},"end":{"line":3,"column":47}},"3":{"start":{"line":4,"column":0},"end":{"line":4,"column":34}},"4":{"start":{"line":5,"column":0},"end":{"line":5,"column":40}},"5":{"start":{"line":6,"column":0},"end":{"line":6,"column":33}},"6":{"start":{"line":7,"column":0},"end":{"line":7,"column":48}},"7":{"start":{"line":9,"column":15},"end":{"line":41,"column":1}},"8":{"start":{"line":10,"column":38},"end":{"line":10,"column":65}},"9":{"start":{"line":10,"column":19},"end":{"line":10,"column":21}},"10":{"start":{"line":10,"column":34},"end":{"line":10,"column":38}},"11":{"start":{"line":12,"column":2},"end":{"line":40,"column":null}},"12":{"start":{"line":21,"column":52},"end":{"line":25,"column":16}},"13":{"start":{"line":35,"column":12},"end":{"line":35,"column":null}},"14":{"start":{"line":35,"column":39},"end":{"line":35,"column":50}},"15":{"start":{"line":43,"column":0},"end":{"line":43,"column":null}}},"fnMap":{"0":{"name":"(anonymous_3)","decl":{"start":{"line":9,"column":15},"end":{"line":9,"column":null}},"loc":{"start":{"line":9,"column":15},"end":{"line":41,"column":1}}},"1":{"name":"(anonymous_4)","decl":{"start":{"line":21,"column":35},"end":{"line":21,"column":36}},"loc":{"start":{"line":21,"column":47},"end":{"line":21,"column":null}}},"2":{"name":"(anonymous_5)","decl":{"start":{"line":34,"column":20},"end":{"line":34,"column":null}},"loc":{"start":{"line":34,"column":20},"end":{"line":36,"column":11}}},"3":{"name":"(anonymous_6)","decl":{"start":{"line":35,"column":26},"end":{"line":35,"column":35}},"loc":{"start":{"line":35,"column":35},"end":{"line":35,"column":40}}}},"branchMap":{},"s":{"0":1,"1":1,"2":1,"3":1,"4":1,"5":1,"6":1,"7":1,"8":2,"9":2,"10":2,"11":2,"12":8,"13":1,"14":0,"15":1},"f":{"0":2,"1":8,"2":1,"3":0},"b":{}}
,"/Users/channaru0711/Developer/naruwo-github.github.io/src/header/navigationItems.ts": {"path":"/Users/channaru0711/Developer/naruwo-github.github.io/src/header/navigationItems.ts","statementMap":{"0":{"start":{"line":1,"column":24},"end":{"line":18,"column":null}},"1":{"start":{"line":20,"column":0},"end":{"line":20,"column":null}}},"fnMap":{},"branchMap":{},"s":{"0":1,"1":1},"f":{},"b":{}}
,"/Users/channaru0711/Developer/naruwo-github.github.io/src/header/style.ts": {"path":"/Users/channaru0711/Developer/naruwo-github.github.io/src/header/style.ts","statementMap":{"0":{"start":{"line":1,"column":0},"end":{"line":1,"column":38}},"1":{"start":{"line":3,"column":13},"end":{"line":18,"column":null}},"2":{"start":{"line":19,"column":13},"end":{"line":22,"column":null}}},"fnMap":{},"branchMap":{"0":{"loc":{"start":{"line":3,"column":35},"end":{"line":18,"column":null}},"type":"binary-expr","locations":[{"start":{"line":3,"column":35},"end":{"line":3,"column":null}},{"start":{"line":3,"column":35},"end":{"line":18,"column":null}}]},"1":{"loc":{"start":{"line":19,"column":39},"end":{"line":22,"column":null}},"type":"binary-expr","locations":[{"start":{"line":19,"column":39},"end":{"line":19,"column":null}},{"start":{"line":19,"column":39},"end":{"line":22,"column":null}}]}},"s":{"0":1,"1":1,"2":1},"f":{},"b":{"0":[1,1],"1":[1,1]}}
}
